{"/home/lcruz/Documentos/to-do-app/src/Components/texts.ts": {"path":"/home/lcruz/Documentos/to-do-app/src/Components/texts.ts","statementMap":{"0":{"start":{"line":9,"column":26},"end":{"line":13,"column":1}},"1":{"start":{"line":11,"column":36},"end":{"line":11,"column":66}},"2":{"start":{"line":15,"column":30},"end":{"line":19,"column":1}},"3":{"start":{"line":21,"column":24},"end":{"line":25,"column":1}},"4":{"start":{"line":27,"column":24},"end":{"line":31,"column":1}},"5":{"start":{"line":33,"column":27},"end":{"line":38,"column":1}},"6":{"start":{"line":40,"column":24},"end":{"line":45,"column":1}},"7":{"start":{"line":47,"column":24},"end":{"line":53,"column":1}},"8":{"start":{"line":52,"column":47},"end":{"line":52,"column":83}},"9":{"start":{"line":55,"column":30},"end":{"line":63,"column":1}}},"fnMap":{"0":{"name":"(anonymous_0)","decl":{"start":{"line":11,"column":11},"end":{"line":11,"column":12}},"loc":{"start":{"line":11,"column":36},"end":{"line":11,"column":66}},"line":11},"1":{"name":"(anonymous_1)","decl":{"start":{"line":52,"column":21},"end":{"line":52,"column":22}},"loc":{"start":{"line":52,"column":47},"end":{"line":52,"column":83}},"line":52}},"branchMap":{"0":{"loc":{"start":{"line":11,"column":36},"end":{"line":11,"column":66}},"type":"binary-expr","locations":[{"start":{"line":11,"column":36},"end":{"line":11,"column":53}},{"start":{"line":11,"column":57},"end":{"line":11,"column":66}}],"line":11},"1":{"loc":{"start":{"line":52,"column":47},"end":{"line":52,"column":83}},"type":"cond-expr","locations":[{"start":{"line":52,"column":60},"end":{"line":52,"column":74}},{"start":{"line":52,"column":77},"end":{"line":52,"column":83}}],"line":52}},"s":{"0":1,"1":11,"2":1,"3":1,"4":1,"5":1,"6":1,"7":1,"8":0,"9":1},"f":{"0":11,"1":0},"b":{"0":[11,11],"1":[0,0]},"_coverageSchema":"1a1c01bbd47fc00a2c39e90264f33305004495a9","hash":"a4c4ff4d6f0657e05d12d1aad63dc44fb87b9ed8"}
,"/home/lcruz/Documentos/to-do-app/src/Context/auth.tsx": {"path":"/home/lcruz/Documentos/to-do-app/src/Context/auth.tsx","statementMap":{"0":{"start":{"line":10,"column":27},"end":{"line":10,"column":80}},"1":{"start":{"line":13,"column":48},"end":{"line":13,"column":63}},"2":{"start":{"line":14,"column":26},"end":{"line":14,"column":43}},"3":{"start":{"line":15,"column":34},"end":{"line":15,"column":54}},"4":{"start":{"line":17,"column":2},"end":{"line":22,"column":7}},"5":{"start":{"line":19,"column":6},"end":{"line":19,"column":23}},"6":{"start":{"line":21,"column":4},"end":{"line":21,"column":15}},"7":{"start":{"line":25,"column":4},"end":{"line":31,"column":5}},"8":{"start":{"line":26,"column":25},"end":{"line":26,"column":63}},"9":{"start":{"line":27,"column":6},"end":{"line":28,"column":33}},"10":{"start":{"line":28,"column":8},"end":{"line":28,"column":33}},"11":{"start":{"line":35,"column":4},"end":{"line":35,"column":40}},"12":{"start":{"line":35,"column":33},"end":{"line":35,"column":38}},"13":{"start":{"line":36,"column":4},"end":{"line":36,"column":46}},"14":{"start":{"line":40,"column":4},"end":{"line":50,"column":5}},"15":{"start":{"line":41,"column":6},"end":{"line":47,"column":21}},"16":{"start":{"line":42,"column":8},"end":{"line":42,"column":33}},"17":{"start":{"line":43,"column":8},"end":{"line":43,"column":68}},"18":{"start":{"line":44,"column":8},"end":{"line":44,"column":19}},"19":{"start":{"line":47,"column":8},"end":{"line":47,"column":21}},"20":{"start":{"line":49,"column":6},"end":{"line":49,"column":19}},"21":{"start":{"line":53,"column":2},"end":{"line":57,"column":4}}},"fnMap":{"0":{"name":"AuthProvider","decl":{"start":{"line":12,"column":9},"end":{"line":12,"column":21}},"loc":{"start":{"line":12,"column":65},"end":{"line":58,"column":1}},"line":12},"1":{"name":"(anonymous_1)","decl":{"start":{"line":17,"column":12},"end":{"line":17,"column":13}},"loc":{"start":{"line":17,"column":17},"end":{"line":22,"column":3}},"line":17},"2":{"name":"loadData","decl":{"start":{"line":18,"column":19},"end":{"line":18,"column":27}},"loc":{"start":{"line":18,"column":29},"end":{"line":20,"column":5}},"line":18},"3":{"name":"loadUser","decl":{"start":{"line":24,"column":17},"end":{"line":24,"column":25}},"loc":{"start":{"line":24,"column":27},"end":{"line":32,"column":3}},"line":24},"4":{"name":"logout","decl":{"start":{"line":34,"column":17},"end":{"line":34,"column":23}},"loc":{"start":{"line":34,"column":26},"end":{"line":37,"column":3}},"line":34},"5":{"name":"(anonymous_5)","decl":{"start":{"line":35,"column":23},"end":{"line":35,"column":24}},"loc":{"start":{"line":35,"column":33},"end":{"line":35,"column":38}},"line":35},"6":{"name":"login","decl":{"start":{"line":39,"column":17},"end":{"line":39,"column":22}},"loc":{"start":{"line":39,"column":75},"end":{"line":51,"column":3}},"line":39}},"branchMap":{"0":{"loc":{"start":{"line":27,"column":6},"end":{"line":28,"column":33}},"type":"if","locations":[{"start":{"line":27,"column":6},"end":{"line":28,"column":33}},{"start":{},"end":{}}],"line":27},"1":{"loc":{"start":{"line":41,"column":6},"end":{"line":47,"column":21}},"type":"if","locations":[{"start":{"line":41,"column":6},"end":{"line":47,"column":21}},{"start":{"line":47,"column":8},"end":{"line":47,"column":21}}],"line":41},"2":{"loc":{"start":{"line":41,"column":9},"end":{"line":41,"column":47}},"type":"binary-expr","locations":[{"start":{"line":41,"column":9},"end":{"line":41,"column":26}},{"start":{"line":41,"column":30},"end":{"line":41,"column":47}}],"line":41}},"s":{"0":2,"1":0,"2":0,"3":0,"4":0,"5":0,"6":0,"7":0,"8":0,"9":0,"10":0,"11":0,"12":0,"13":0,"14":0,"15":0,"16":0,"17":0,"18":0,"19":0,"20":0,"21":0},"f":{"0":0,"1":0,"2":0,"3":0,"4":0,"5":0,"6":0},"b":{"0":[0,0],"1":[0,0],"2":[0,0]},"_coverageSchema":"1a1c01bbd47fc00a2c39e90264f33305004495a9","hash":"52ca183f6a25f9a6865139eb5e60cb13c22bb0df"}
,"/home/lcruz/Documentos/to-do-app/src/Routes/index.tsx": {"path":"/home/lcruz/Documentos/to-do-app/src/Routes/index.tsx","statementMap":{"0":{"start":{"line":12,"column":14},"end":{"line":12,"column":59}},"1":{"start":{"line":15,"column":28},"end":{"line":15,"column":51}},"2":{"start":{"line":17,"column":2},"end":{"line":37,"column":4}}},"fnMap":{"0":{"name":"StackRoutes","decl":{"start":{"line":14,"column":24},"end":{"line":14,"column":35}},"loc":{"start":{"line":14,"column":51},"end":{"line":38,"column":1}},"line":14}},"branchMap":{"0":{"loc":{"start":{"line":19,"column":7},"end":{"line":34,"column":7}},"type":"cond-expr","locations":[{"start":{"line":20,"column":8},"end":{"line":24,"column":10}},{"start":{"line":28,"column":8},"end":{"line":32,"column":10}}],"line":19}},"s":{"0":1,"1":2,"2":2},"f":{"0":2},"b":{"0":[1,1]},"_coverageSchema":"1a1c01bbd47fc00a2c39e90264f33305004495a9","hash":"92f4fe3cd9bab16fed90445743f500146405bc9d"}
,"/home/lcruz/Documentos/to-do-app/src/Screens/SignIn/index.tsx": {"path":"/home/lcruz/Documentos/to-do-app/src/Screens/SignIn/index.tsx","statementMap":{"0":{"start":{"line":22,"column":34},"end":{"line":22,"column":46}},"1":{"start":{"line":23,"column":34},"end":{"line":23,"column":46}},"2":{"start":{"line":24,"column":42},"end":{"line":24,"column":56}},"3":{"start":{"line":25,"column":24},"end":{"line":25,"column":38}},"4":{"start":{"line":26,"column":18},"end":{"line":26,"column":41}},"5":{"start":{"line":28,"column":22},"end":{"line":37,"column":3}},"6":{"start":{"line":29,"column":4},"end":{"line":36,"column":5}},"7":{"start":{"line":30,"column":6},"end":{"line":33,"column":9}},"8":{"start":{"line":39,"column":2},"end":{"line":90,"column":4}},"9":{"start":{"line":54,"column":38},"end":{"line":54,"column":55}},"10":{"start":{"line":65,"column":40},"end":{"line":65,"column":57}},"11":{"start":{"line":71,"column":31},"end":{"line":71,"column":61}},"12":{"start":{"line":81,"column":27},"end":{"line":81,"column":40}}},"fnMap":{"0":{"name":"SignIn","decl":{"start":{"line":21,"column":24},"end":{"line":21,"column":30}},"loc":{"start":{"line":21,"column":33},"end":{"line":91,"column":1}},"line":21},"1":{"name":"(anonymous_1)","decl":{"start":{"line":28,"column":22},"end":{"line":28,"column":23}},"loc":{"start":{"line":28,"column":33},"end":{"line":37,"column":3}},"line":28},"2":{"name":"(anonymous_2)","decl":{"start":{"line":54,"column":28},"end":{"line":54,"column":29}},"loc":{"start":{"line":54,"column":38},"end":{"line":54,"column":55}},"line":54},"3":{"name":"(anonymous_3)","decl":{"start":{"line":65,"column":30},"end":{"line":65,"column":31}},"loc":{"start":{"line":65,"column":40},"end":{"line":65,"column":57}},"line":65},"4":{"name":"(anonymous_4)","decl":{"start":{"line":71,"column":25},"end":{"line":71,"column":26}},"loc":{"start":{"line":71,"column":31},"end":{"line":71,"column":61}},"line":71},"5":{"name":"(anonymous_5)","decl":{"start":{"line":81,"column":21},"end":{"line":81,"column":22}},"loc":{"start":{"line":81,"column":27},"end":{"line":81,"column":40}},"line":81}},"branchMap":{"0":{"loc":{"start":{"line":42,"column":27},"end":{"line":42,"column":72}},"type":"cond-expr","locations":[{"start":{"line":42,"column":51},"end":{"line":42,"column":60}},{"start":{"line":42,"column":63},"end":{"line":42,"column":72}}],"line":42},"1":{"loc":{"start":{"line":56,"column":13},"end":{"line":56,"column":77}},"type":"cond-expr","locations":[{"start":{"line":56,"column":19},"end":{"line":56,"column":69}},{"start":{"line":56,"column":72},"end":{"line":56,"column":77}}],"line":56},"2":{"loc":{"start":{"line":73,"column":17},"end":{"line":73,"column":97}},"type":"cond-expr","locations":[{"start":{"line":73,"column":32},"end":{"line":73,"column":62}},{"start":{"line":73,"column":65},"end":{"line":73,"column":97}}],"line":73},"3":{"loc":{"start":{"line":76,"column":13},"end":{"line":76,"column":74}},"type":"cond-expr","locations":[{"start":{"line":76,"column":19},"end":{"line":76,"column":66}},{"start":{"line":76,"column":69},"end":{"line":76,"column":74}}],"line":76}},"s":{"0":11,"1":11,"2":11,"3":11,"4":11,"5":11,"6":1,"7":1,"8":11,"9":2,"10":3,"11":1,"12":1},"f":{"0":11,"1":1,"2":2,"3":3,"4":1,"5":1},"b":{"0":[11,0],"1":[1,10],"2":[10,1],"3":[1,10]},"_coverageSchema":"1a1c01bbd47fc00a2c39e90264f33305004495a9","hash":"8e899543710e3c4a35366f3a4605b05c77178523"}
}
