TN:
SF:src/Components/Inputs.ts
FN:19,(anonymous_0)
FN:20,(anonymous_1)
FN:31,(anonymous_2)
FN:33,(anonymous_3)
FN:34,(anonymous_4)
FN:47,(anonymous_5)
FN:48,(anonymous_6)
FN:52,(anonymous_7)
FNF:8
FNH:3
FNDA:0,(anonymous_0)
FNDA:0,(anonymous_1)
FNDA:22,(anonymous_2)
FNDA:22,(anonymous_3)
FNDA:22,(anonymous_4)
FNDA:0,(anonymous_5)
FNDA:0,(anonymous_6)
FNDA:0,(anonymous_7)
DA:12,1
DA:19,0
DA:20,0
DA:26,1
DA:31,22
DA:33,22
DA:34,22
DA:40,1
DA:47,0
DA:48,0
DA:52,0
LF:11
LH:6
BRDA:31,0,0,20
BRDA:31,0,1,2
BRDA:47,1,0,0
BRDA:47,1,1,0
BRDA:52,2,0,0
BRDA:52,2,1,0
BRF:6
BRH:2
end_of_record
TN:
SF:src/Components/button.ts
FN:15,(anonymous_0)
FN:16,(anonymous_1)
FN:32,(anonymous_2)
FN:33,(anonymous_3)
FN:38,(anonymous_4)
FN:39,(anonymous_5)
FN:49,(anonymous_6)
FN:50,(anonymous_7)
FN:51,(anonymous_8)
FNF:9
FNH:2
FNDA:22,(anonymous_0)
FNDA:22,(anonymous_1)
FNDA:0,(anonymous_2)
FNDA:0,(anonymous_3)
FNDA:0,(anonymous_4)
FNDA:0,(anonymous_5)
FNDA:0,(anonymous_6)
FNDA:0,(anonymous_7)
FNDA:0,(anonymous_8)
DA:10,1
DA:15,22
DA:16,22
DA:20,1
DA:22,1
DA:32,0
DA:33,0
DA:37,1
DA:38,0
DA:39,0
DA:44,1
DA:49,0
DA:50,0
DA:51,0
DA:55,1
LF:15
LH:8
BRDA:49,0,0,0
BRDA:49,0,1,0
BRF:2
BRH:0
end_of_record
TN:
SF:src/Components/texts.ts
FN:11,(anonymous_0)
FN:52,(anonymous_1)
FNF:2
FNH:1
FNDA:11,(anonymous_0)
FNDA:0,(anonymous_1)
DA:9,1
DA:11,11
DA:15,1
DA:21,1
DA:27,1
DA:33,1
DA:40,1
DA:47,1
DA:52,0
DA:55,1
LF:10
LH:9
BRDA:11,0,0,11
BRDA:11,0,1,11
BRDA:52,1,0,0
BRDA:52,1,1,0
BRF:4
BRH:2
end_of_record
TN:
SF:src/Context/auth.tsx
FN:22,AuthProvider
FN:25,(anonymous_1)
FN:26,loadData
FN:32,loadUser
FN:46,logout
FN:53,login
FN:75,getTasks
FN:86,createTask
FN:96,deleteTask
FN:104,editTask
FNF:10
FNH:8
FNDA:8,AuthProvider
FNDA:7,(anonymous_1)
FNDA:7,loadData
FNDA:7,loadUser
FNDA:1,logout
FNDA:2,login
FNDA:2,getTasks
FNDA:0,createTask
FNDA:1,deleteTask
FNDA:0,editTask
DA:20,3
DA:23,8
DA:25,8
DA:27,7
DA:29,7
DA:33,7
DA:34,7
DA:35,7
DA:36,0
DA:38,0
DA:47,1
DA:48,1
DA:49,1
DA:50,1
DA:54,2
DA:55,2
DA:59,1
DA:60,1
DA:61,1
DA:62,0
DA:63,0
DA:65,1
DA:66,1
DA:67,1
DA:68,1
DA:69,1
DA:71,1
DA:76,2
DA:77,2
DA:78,1
DA:81,1
DA:82,1
DA:87,0
DA:88,0
DA:92,0
DA:97,1
DA:98,1
DA:100,0
DA:105,0
DA:106,0
DA:111,0
DA:115,8
LF:42
LH:31
BRDA:35,0,0,0
BRDA:35,0,1,7
BRDA:61,1,0,0
BRDA:61,1,1,1
BRF:4
BRH:2
end_of_record
TN:
SF:src/Routes/index.tsx
FN:14,StackRoutes
FNF:1
FNH:1
FNDA:2,StackRoutes
DA:12,1
DA:15,2
DA:17,2
LF:3
LH:3
BRDA:19,0,0,1
BRDA:19,0,1,1
BRF:2
BRH:2
end_of_record
TN:
SF:src/Screens/SignIn/index.tsx
FN:21,SignIn
FN:28,(anonymous_1)
FN:54,(anonymous_2)
FN:65,(anonymous_3)
FN:71,(anonymous_4)
FN:81,(anonymous_5)
FNF:6
FNH:6
FNDA:11,SignIn
FNDA:1,(anonymous_1)
FNDA:2,(anonymous_2)
FNDA:3,(anonymous_3)
FNDA:1,(anonymous_4)
FNDA:1,(anonymous_5)
DA:22,11
DA:23,11
DA:24,11
DA:25,11
DA:26,11
DA:28,11
DA:29,1
DA:30,1
DA:39,11
DA:54,2
DA:65,3
DA:71,1
DA:81,1
LF:13
LH:13
BRDA:42,0,0,11
BRDA:42,0,1,0
BRDA:56,1,0,1
BRDA:56,1,1,10
BRDA:73,2,0,10
BRDA:73,2,1,1
BRDA:76,3,0,1
BRDA:76,3,1,10
BRF:8
BRH:7
end_of_record
TN:
SF:src/services/api.ts
FNF:0
FNH:0
DA:3,2
LF:1
LH:1
BRF:0
BRH:0
end_of_record
