TN:
SF:src/Components/texts.ts
FN:11,(anonymous_0)
FN:52,(anonymous_1)
FNF:2
FNH:1
FNDA:11,(anonymous_0)
FNDA:0,(anonymous_1)
DA:9,1
DA:11,11
DA:15,1
DA:21,1
DA:27,1
DA:33,1
DA:40,1
DA:47,1
DA:52,0
DA:55,1
LF:10
LH:9
BRDA:11,0,0,11
BRDA:11,0,1,11
BRDA:52,1,0,0
BRDA:52,1,1,0
BRF:4
BRH:2
end_of_record
TN:
SF:src/Context/auth.tsx
FN:12,AuthProvider
FN:17,(anonymous_1)
FN:18,loadData
FN:24,loadUser
FN:34,logout
FN:35,(anonymous_5)
FN:39,login
FNF:7
FNH:0
FNDA:0,AuthProvider
FNDA:0,(anonymous_1)
FNDA:0,loadData
FNDA:0,loadUser
FNDA:0,logout
FNDA:0,(anonymous_5)
FNDA:0,login
DA:10,2
DA:13,0
DA:14,0
DA:15,0
DA:17,0
DA:19,0
DA:21,0
DA:25,0
DA:26,0
DA:27,0
DA:28,0
DA:35,0
DA:36,0
DA:40,0
DA:41,0
DA:42,0
DA:43,0
DA:44,0
DA:47,0
DA:49,0
DA:53,0
LF:21
LH:1
BRDA:27,0,0,0
BRDA:27,0,1,0
BRDA:41,1,0,0
BRDA:41,1,1,0
BRDA:41,2,0,0
BRDA:41,2,1,0
BRF:6
BRH:0
end_of_record
TN:
SF:src/Routes/index.tsx
FN:14,StackRoutes
FNF:1
FNH:1
FNDA:2,StackRoutes
DA:12,1
DA:15,2
DA:17,2
LF:3
LH:3
BRDA:19,0,0,1
BRDA:19,0,1,1
BRF:2
BRH:2
end_of_record
TN:
SF:src/Screens/SignIn/index.tsx
FN:21,SignIn
FN:28,(anonymous_1)
FN:54,(anonymous_2)
FN:65,(anonymous_3)
FN:71,(anonymous_4)
FN:81,(anonymous_5)
FNF:6
FNH:6
FNDA:11,SignIn
FNDA:1,(anonymous_1)
FNDA:2,(anonymous_2)
FNDA:3,(anonymous_3)
FNDA:1,(anonymous_4)
FNDA:1,(anonymous_5)
DA:22,11
DA:23,11
DA:24,11
DA:25,11
DA:26,11
DA:28,11
DA:29,1
DA:30,1
DA:39,11
DA:54,2
DA:65,3
DA:71,1
DA:81,1
LF:13
LH:13
BRDA:42,0,0,11
BRDA:42,0,1,0
BRDA:56,1,0,1
BRDA:56,1,1,10
BRDA:73,2,0,10
BRDA:73,2,1,1
BRDA:76,3,0,1
BRDA:76,3,1,10
BRF:8
BRH:7
end_of_record
